# JRE version: Java(TM) SE Runtime Environment (8.0-b132) (build 1.8.0-b132)
# Java VM: Java HotSpot(TM) 64-Bit Server VM (25.0-b70 mixed mode windows-amd64 compressed oops)
Heap:
 PSYoungGen      total 59904K, used 58868K [0x00000000d5d00000, 0x00000000db580000, 0x0000000100000000)
  eden space 54272K, 98% used [0x00000000d5d00000,0x00000000d9104790,0x00000000d9200000)
  from space 5632K, 99% used [0x00000000d9200000,0x00000000d97789c0,0x00000000d9780000)
  to   space 7168K, 0% used [0x00000000dae80000,0x00000000dae80000,0x00000000db580000)
 ParOldGen       total 129536K, used 6936K [0x0000000081600000, 0x0000000089480000, 0x00000000d5d00000)
  object space 129536K, 5% used [0x0000000081600000,0x0000000081cc6288,0x0000000089480000)
 Metaspace       used 13081K, capacity 13228K, committed 13312K, reserved 1060864K
  class space    used 1493K, capacity 1533K, committed 1536K, reserved 1048576K
GC Heap History (10 events):
Event: 1.930 GC heap before
{Heap before GC invocations=13 (full 0):
 PSYoungGen      total 23552K, used 23422K [0x00000000d5d00000, 0x00000000d7600000, 0x0000000100000000)
  eden space 21504K, 100% used [0x00000000d5d00000,0x00000000d7200000,0x00000000d7200000)
  from space 2048K, 93% used [0x00000000d7400000,0x00000000d75df9e8,0x00000000d7600000)
  to   space 2048K, 0% used [0x00000000d7200000,0x00000000d7200000,0x00000000d7400000)
 ParOldGen       total 129536K, used 1776K [0x0000000081600000, 0x0000000089480000, 0x00000000d5d00000)
  object space 129536K, 1% used [0x0000000081600000,0x00000000817bc198,0x0000000089480000)
 Metaspace       used 4606K, capacity 5500K, committed 5760K, reserved 1056768K
  class space    used 538K, capacity 560K, committed 640K, reserved 1048576K
Event: 1.937 GC heap after
Heap after GC invocations=13 (full 0):
 PSYoungGen      total 23552K, used 2022K [0x00000000d5d00000, 0x00000000d8500000, 0x0000000100000000)
  eden space 21504K, 0% used [0x00000000d5d00000,0x00000000d5d00000,0x00000000d7200000)
  from space 2048K, 98% used [0x00000000d7200000,0x00000000d73f9b00,0x00000000d7400000)
  to   space 3072K, 0% used [0x00000000d8200000,0x00000000d8200000,0x00000000d8500000)
 ParOldGen       total 129536K, used 2678K [0x0000000081600000, 0x0000000089480000, 0x00000000d5d00000)
  object space 129536K, 2% used [0x0000000081600000,0x000000008189d8e0,0x0000000089480000)
 Metaspace       used 4606K, capacity 5500K, committed 5760K, reserved 1056768K
  class space    used 538K, capacity 560K, committed 640K, reserved 1048576K
}
Event: 2.242 GC heap before
{Heap before GC invocations=14 (full 0):
 PSYoungGen      total 23552K, used 23526K [0x00000000d5d00000, 0x00000000d8500000, 0x0000000100000000)
  eden space 21504K, 100% used [0x00000000d5d00000,0x00000000d7200000,0x00000000d7200000)
  from space 2048K, 98% used [0x00000000d7200000,0x00000000d73f9b00,0x00000000d7400000)
  to   space 3072K, 0% used [0x00000000d8200000,0x00000000d8200000,0x00000000d8500000)
 ParOldGen       total 129536K, used 2678K [0x0000000081600000, 0x0000000089480000, 0x00000000d5d00000)
  object space 129536K, 2% used [0x0000000081600000,0x000000008189d8e0,0x0000000089480000)
 Metaspace       used 4607K, capacity 5500K, committed 5760K, reserved 1056768K
  class space    used 538K, capacity 560K, committed 640K, reserved 1048576K
Event: 2.255 GC heap after
Heap after GC invocations=14 (full 0):
 PSYoungGen      total 37376K, used 2999K [0x00000000d5d00000, 0x00000000d8600000, 0x0000000100000000)
  eden space 34304K, 0% used [0x00000000d5d00000,0x00000000d5d00000,0x00000000d7e80000)
  from space 3072K, 97% used [0x00000000d8200000,0x00000000d84edec8,0x00000000d8500000)
  to   space 3584K, 0% used [0x00000000d7e80000,0x00000000d7e80000,0x00000000d8200000)
 ParOldGen       total 129536K, used 2702K [0x0000000081600000, 0x0000000089480000, 0x00000000d5d00000)
  object space 129536K, 2% used [0x0000000081600000,0x00000000818a38e0,0x0000000089480000)
 Metaspace       used 4607K, capacity 5500K, committed 5760K, reserved 1056768K
  class space    used 538K, capacity 560K, committed 640K, reserved 1048576K
}
Event: 2.543 GC heap before
{Heap before GC invocations=15 (full 0):
 PSYoungGen      total 37376K, used 37299K [0x00000000d5d00000, 0x00000000d8600000, 0x0000000100000000)
  eden space 34304K, 99% used [0x00000000d5d00000,0x00000000d7e7ef18,0x00000000d7e80000)
  from space 3072K, 97% used [0x00000000d8200000,0x00000000d84edec8,0x00000000d8500000)
  to   space 3584K, 0% used [0x00000000d7e80000,0x00000000d7e80000,0x00000000d8200000)
 ParOldGen       total 129536K, used 2702K [0x0000000081600000, 0x0000000089480000, 0x00000000d5d00000)
  object space 129536K, 2% used [0x0000000081600000,0x00000000818a38e0,0x0000000089480000)
 Metaspace       used 4607K, capacity 5500K, committed 5760K, reserved 1056768K
  class space    used 538K, capacity 560K, committed 640K, reserved 1048576K
Event: 2.560 GC heap after
Heap after GC invocations=15 (full 0):
 PSYoungGen      total 37888K, used 3561K [0x00000000d5d00000, 0x00000000d9c00000, 0x0000000100000000)
  eden space 34304K, 0% used [0x00000000d5d00000,0x00000000d5d00000,0x00000000d7e80000)
  from space 3584K, 99% used [0x00000000d7e80000,0x00000000d81fa6e8,0x00000000d8200000)
  to   space 4608K, 0% used [0x00000000d9780000,0x00000000d9780000,0x00000000d9c00000)
 ParOldGen       total 129536K, used 4169K [0x0000000081600000, 0x0000000089480000, 0x00000000d5d00000)
  object space 129536K, 3% used [0x0000000081600000,0x0000000081a12750,0x0000000089480000)
 Metaspace       used 4607K, capacity 5500K, committed 5760K, reserved 1056768K
  class space    used 538K, capacity 560K, committed 640K, reserved 1048576K
}
Event: 3.273 GC heap before
{Heap before GC invocations=16 (full 0):
 PSYoungGen      total 37888K, used 37865K [0x00000000d5d00000, 0x00000000d9c00000, 0x0000000100000000)
  eden space 34304K, 100% used [0x00000000d5d00000,0x00000000d7e80000,0x00000000d7e80000)
  from space 3584K, 99% used [0x00000000d7e80000,0x00000000d81fa6e8,0x00000000d8200000)
  to   space 4608K, 0% used [0x00000000d9780000,0x00000000d9780000,0x00000000d9c00000)
 ParOldGen       total 129536K, used 4169K [0x0000000081600000, 0x0000000089480000, 0x00000000d5d00000)
  object space 129536K, 3% used [0x0000000081600000,0x0000000081a12750,0x0000000089480000)
 Metaspace       used 5964K, capacity 6466K, committed 6784K, reserved 1056768K
  class space    used 779K, capacity 817K, committed 896K, reserved 1048576K
Event: 3.279 GC heap after
Heap after GC invocations=16 (full 0):
 PSYoungGen      total 58880K, used 4594K [0x00000000d5d00000, 0x00000000d9e00000, 0x0000000100000000)
  eden space 54272K, 0% used [0x00000000d5d00000,0x00000000d5d00000,0x00000000d9200000)
  from space 4608K, 99% used [0x00000000d9780000,0x00000000d9bfcb10,0x00000000d9c00000)
  to   space 5632K, 0% used [0x00000000d9200000,0x00000000d9200000,0x00000000d9780000)
 ParOldGen       total 129536K, used 4531K [0x0000000081600000, 0x0000000089480000, 0x00000000d5d00000)
  object space 129536K, 3% used [0x0000000081600000,0x0000000081a6cfd8,0x0000000089480000)
 Metaspace       used 5964K, capacity 6466K, committed 6784K, reserved 1056768K
  class space    used 779K, capacity 817K, committed 896K, reserved 1048576K
}
Event: 3.851 GC heap before
{Heap before GC invocations=17 (full 0):
 PSYoungGen      total 58880K, used 58866K [0x00000000d5d00000, 0x00000000d9e00000, 0x0000000100000000)
  eden space 54272K, 100% used [0x00000000d5d00000,0x00000000d9200000,0x00000000d9200000)
  from space 4608K, 99% used [0x00000000d9780000,0x00000000d9bfcb10,0x00000000d9c00000)
  to   space 5632K, 0% used [0x00000000d9200000,0x00000000d9200000,0x00000000d9780000)
 ParOldGen       total 129536K, used 4531K [0x0000000081600000, 0x0000000089480000, 0x00000000d5d00000)
  object space 129536K, 3% used [0x0000000081600000,0x0000000081a6cfd8,0x0000000089480000)
 Metaspace       used 5964K, capacity 6466K, committed 6784K, reserved 1056768K
  class space    used 779K, capacity 817K, committed 896K, reserved 1048576K
Event: 3.896 GC heap after
Heap after GC invocations=17 (full 0):
 PSYoungGen      total 59904K, used 5602K [0x00000000d5d00000, 0x00000000db580000, 0x0000000100000000)
  eden space 54272K, 0% used [0x00000000d5d00000,0x00000000d5d00000,0x00000000d9200000)
  from space 5632K, 99% used [0x00000000d9200000,0x00000000d97789c0,0x00000000d9780000)
  to   space 7168K, 0% used [0x00000000dae80000,0x00000000dae80000,0x00000000db580000)
 ParOldGen       total 129536K, used 6936K [0x0000000081600000, 0x0000000089480000, 0x00000000d5d00000)
  object space 129536K, 5% used [0x0000000081600000,0x0000000081cc6288,0x0000000089480000)
 Metaspace       used 5964K, capacity 6466K, committed 6784K, reserved 1056768K
  class space    used 779K, capacity 817K, committed 896K, reserved 1048576K
}

