# JRE version: Java(TM) SE Runtime Environment (8.0-b132) (build 1.8.0-b132)
# Java VM: Java HotSpot(TM) 64-Bit Server VM (25.0-b70 mixed mode windows-amd64 compressed oops)
Heap:
 PSYoungGen      total 70144K, used 40407K [0x00000000d5d00000, 0x00000000dac00000, 0x0000000100000000)
  eden space 64000K, 53% used [0x00000000d5d00000,0x00000000d7e77818,0x00000000d9b80000)
  from space 6144K, 99% used [0x00000000da300000,0x00000000da8fe6a8,0x00000000da900000)
  to   space 7680K, 0% used [0x00000000d9b80000,0x00000000d9b80000,0x00000000da300000)
 ParOldGen       total 129536K, used 7332K [0x0000000081600000, 0x0000000089480000, 0x00000000d5d00000)
  object space 129536K, 5% used [0x0000000081600000,0x0000000081d29348,0x0000000089480000)
 Metaspace       used 13045K, capacity 13262K, committed 13440K, reserved 1060864K
  class space    used 1487K, capacity 1538K, committed 1664K, reserved 1048576K
GC Heap History (10 events):
Event: 1.633 GC heap before
{Heap before GC invocations=14 (full 0):
 PSYoungGen      total 20480K, used 20451K [0x00000000d5d00000, 0x00000000d7f00000, 0x0000000100000000)
  eden space 18432K, 100% used [0x00000000d5d00000,0x00000000d6f00000,0x00000000d6f00000)
  from space 2048K, 98% used [0x00000000d6f00000,0x00000000d70f8c88,0x00000000d7100000)
  to   space 2560K, 0% used [0x00000000d7c80000,0x00000000d7c80000,0x00000000d7f00000)
 ParOldGen       total 129536K, used 2455K [0x0000000081600000, 0x0000000089480000, 0x00000000d5d00000)
  object space 129536K, 1% used [0x0000000081600000,0x0000000081865d68,0x0000000089480000)
 Metaspace       used 4604K, capacity 5500K, committed 5760K, reserved 1056768K
  class space    used 538K, capacity 560K, committed 640K, reserved 1048576K
Event: 1.637 GC heap after
Heap after GC invocations=14 (full 0):
 PSYoungGen      total 31744K, used 2553K [0x00000000d5d00000, 0x00000000d8000000, 0x0000000100000000)
  eden space 29184K, 0% used [0x00000000d5d00000,0x00000000d5d00000,0x00000000d7980000)
  from space 2560K, 99% used [0x00000000d7c80000,0x00000000d7efe718,0x00000000d7f00000)
  to   space 3072K, 0% used [0x00000000d7980000,0x00000000d7980000,0x00000000d7c80000)
 ParOldGen       total 129536K, used 2613K [0x0000000081600000, 0x0000000089480000, 0x00000000d5d00000)
  object space 129536K, 2% used [0x0000000081600000,0x000000008188d7e8,0x0000000089480000)
 Metaspace       used 4604K, capacity 5500K, committed 5760K, reserved 1056768K
  class space    used 538K, capacity 560K, committed 640K, reserved 1048576K
}
Event: 1.890 GC heap before
{Heap before GC invocations=15 (full 0):
 PSYoungGen      total 31744K, used 31737K [0x00000000d5d00000, 0x00000000d8000000, 0x0000000100000000)
  eden space 29184K, 100% used [0x00000000d5d00000,0x00000000d7980000,0x00000000d7980000)
  from space 2560K, 99% used [0x00000000d7c80000,0x00000000d7efe718,0x00000000d7f00000)
  to   space 3072K, 0% used [0x00000000d7980000,0x00000000d7980000,0x00000000d7c80000)
 ParOldGen       total 129536K, used 2613K [0x0000000081600000, 0x0000000089480000, 0x00000000d5d00000)
  object space 129536K, 2% used [0x0000000081600000,0x000000008188d7e8,0x0000000089480000)
 Metaspace       used 4604K, capacity 5500K, committed 5760K, reserved 1056768K
  class space    used 538K, capacity 560K, committed 640K, reserved 1048576K
Event: 1.895 GC heap after
Heap after GC invocations=15 (full 0):
 PSYoungGen      total 32256K, used 3040K [0x00000000d5d00000, 0x00000000d9300000, 0x0000000100000000)
  eden space 29184K, 0% used [0x00000000d5d00000,0x00000000d5d00000,0x00000000d7980000)
  from space 3072K, 98% used [0x00000000d7980000,0x00000000d7c78128,0x00000000d7c80000)
  to   space 4096K, 0% used [0x00000000d8f00000,0x00000000d8f00000,0x00000000d9300000)
 ParOldGen       total 129536K, used 3688K [0x0000000081600000, 0x0000000089480000, 0x00000000d5d00000)
  object space 129536K, 2% used [0x0000000081600000,0x000000008199a308,0x0000000089480000)
 Metaspace       used 4604K, capacity 5500K, committed 5760K, reserved 1056768K
  class space    used 538K, capacity 560K, committed 640K, reserved 1048576K
}
Event: 2.081 GC heap before
{Heap before GC invocations=16 (full 0):
 PSYoungGen      total 32256K, used 32224K [0x00000000d5d00000, 0x00000000d9300000, 0x0000000100000000)
  eden space 29184K, 100% used [0x00000000d5d00000,0x00000000d7980000,0x00000000d7980000)
  from space 3072K, 98% used [0x00000000d7980000,0x00000000d7c78128,0x00000000d7c80000)
  to   space 4096K, 0% used [0x00000000d8f00000,0x00000000d8f00000,0x00000000d9300000)
 ParOldGen       total 129536K, used 3688K [0x0000000081600000, 0x0000000089480000, 0x00000000d5d00000)
  object space 129536K, 2% used [0x0000000081600000,0x000000008199a308,0x0000000089480000)
 Metaspace       used 4605K, capacity 5500K, committed 5760K, reserved 1056768K
  class space    used 538K, capacity 560K, committed 640K, reserved 1048576K
Event: 2.086 GC heap after
Heap after GC invocations=16 (full 0):
 PSYoungGen      total 50688K, used 4083K [0x00000000d5d00000, 0x00000000d9400000, 0x0000000100000000)
  eden space 46592K, 0% used [0x00000000d5d00000,0x00000000d5d00000,0x00000000d8a80000)
  from space 4096K, 99% used [0x00000000d8f00000,0x00000000d92fcff0,0x00000000d9300000)
  to   space 4608K, 0% used [0x00000000d8a80000,0x00000000d8a80000,0x00000000d8f00000)
 ParOldGen       total 129536K, used 3866K [0x0000000081600000, 0x0000000089480000, 0x00000000d5d00000)
  object space 129536K, 2% used [0x0000000081600000,0x00000000819c6b20,0x0000000089480000)
 Metaspace       used 4605K, capacity 5500K, committed 5760K, reserved 1056768K
  class space    used 538K, capacity 560K, committed 640K, reserved 1048576K
}
Event: 3.402 GC heap before
{Heap before GC invocations=17 (full 0):
 PSYoungGen      total 50688K, used 50675K [0x00000000d5d00000, 0x00000000d9400000, 0x0000000100000000)
  eden space 46592K, 100% used [0x00000000d5d00000,0x00000000d8a80000,0x00000000d8a80000)
  from space 4096K, 99% used [0x00000000d8f00000,0x00000000d92fcff0,0x00000000d9300000)
  to   space 4608K, 0% used [0x00000000d8a80000,0x00000000d8a80000,0x00000000d8f00000)
 ParOldGen       total 129536K, used 3866K [0x0000000081600000, 0x0000000089480000, 0x00000000d5d00000)
  object space 129536K, 2% used [0x0000000081600000,0x00000000819c6b20,0x0000000089480000)
 Metaspace       used 5971K, capacity 6466K, committed 6784K, reserved 1056768K
  class space    used 779K, capacity 817K, committed 896K, reserved 1048576K
Event: 3.429 GC heap after
Heap after GC invocations=17 (full 0):
 PSYoungGen      total 51200K, used 4603K [0x00000000d5d00000, 0x00000000da900000, 0x0000000100000000)
  eden space 46592K, 0% used [0x00000000d5d00000,0x00000000d5d00000,0x00000000d8a80000)
  from space 4608K, 99% used [0x00000000d8a80000,0x00000000d8efed48,0x00000000d8f00000)
  to   space 6144K, 0% used [0x00000000da300000,0x00000000da300000,0x00000000da900000)
 ParOldGen       total 129536K, used 5937K [0x0000000081600000, 0x0000000089480000, 0x00000000d5d00000)
  object space 129536K, 4% used [0x0000000081600000,0x0000000081bcc630,0x0000000089480000)
 Metaspace       used 5971K, capacity 6466K, committed 6784K, reserved 1056768K
  class space    used 779K, capacity 817K, committed 896K, reserved 1048576K
}
Event: 5.772 GC heap before
{Heap before GC invocations=18 (full 0):
 PSYoungGen      total 51200K, used 51195K [0x00000000d5d00000, 0x00000000da900000, 0x0000000100000000)
  eden space 46592K, 100% used [0x00000000d5d00000,0x00000000d8a80000,0x00000000d8a80000)
  from space 4608K, 99% used [0x00000000d8a80000,0x00000000d8efed48,0x00000000d8f00000)
  to   space 6144K, 0% used [0x00000000da300000,0x00000000da300000,0x00000000da900000)
 ParOldGen       total 129536K, used 5937K [0x0000000081600000, 0x0000000089480000, 0x00000000d5d00000)
  object space 129536K, 4% used [0x0000000081600000,0x0000000081bcc630,0x0000000089480000)
 Metaspace       used 9284K, capacity 9396K, committed 9728K, reserved 1058816K
  class space    used 1131K, capacity 1171K, committed 1280K, reserved 1048576K
Event: 5.780 GC heap after
Heap after GC invocations=18 (full 0):
 PSYoungGen      total 70144K, used 6137K [0x00000000d5d00000, 0x00000000dac00000, 0x0000000100000000)
  eden space 64000K, 0% used [0x00000000d5d00000,0x00000000d5d00000,0x00000000d9b80000)
  from space 6144K, 99% used [0x00000000da300000,0x00000000da8fe6a8,0x00000000da900000)
  to   space 7680K, 0% used [0x00000000d9b80000,0x00000000d9b80000,0x00000000da300000)
 ParOldGen       total 129536K, used 7332K [0x0000000081600000, 0x0000000089480000, 0x00000000d5d00000)
  object space 129536K, 5% used [0x0000000081600000,0x0000000081d29348,0x0000000089480000)
 Metaspace       used 9284K, capacity 9396K, committed 9728K, reserved 1058816K
  class space    used 1131K, capacity 1171K, committed 1280K, reserved 1048576K
}

