# JRE version: Java(TM) SE Runtime Environment (8.0-b132) (build 1.8.0-b132)
# Java VM: Java HotSpot(TM) 64-Bit Server VM (25.0-b70 mixed mode windows-amd64 compressed oops)
Heap:
 PSYoungGen      total 70144K, used 41075K [0x00000000d5d00000, 0x00000000dac00000, 0x0000000100000000)
  eden space 64000K, 54% used [0x00000000d5d00000,0x00000000d7f1ecd8,0x00000000d9b80000)
  from space 6144K, 99% used [0x00000000da300000,0x00000000da8fe088,0x00000000da900000)
  to   space 7680K, 0% used [0x00000000d9b80000,0x00000000d9b80000,0x00000000da300000)
 ParOldGen       total 129536K, used 6913K [0x0000000081600000, 0x0000000089480000, 0x00000000d5d00000)
  object space 129536K, 5% used [0x0000000081600000,0x0000000081cc0528,0x0000000089480000)
 Metaspace       used 13109K, capacity 13352K, committed 13568K, reserved 1060864K
  class space    used 1493K, capacity 1533K, committed 1536K, reserved 1048576K
GC Heap History (10 events):
Event: 3.011 GC heap before
{Heap before GC invocations=14 (full 0):
 PSYoungGen      total 20480K, used 20461K [0x00000000d5d00000, 0x00000000d7f00000, 0x0000000100000000)
  eden space 18432K, 100% used [0x00000000d5d00000,0x00000000d6f00000,0x00000000d6f00000)
  from space 2048K, 99% used [0x00000000d6f00000,0x00000000d70fb5d8,0x00000000d7100000)
  to   space 2560K, 0% used [0x00000000d7c80000,0x00000000d7c80000,0x00000000d7f00000)
 ParOldGen       total 129536K, used 2362K [0x0000000081600000, 0x0000000089480000, 0x00000000d5d00000)
  object space 129536K, 1% used [0x0000000081600000,0x000000008184e980,0x0000000089480000)
 Metaspace       used 4607K, capacity 5500K, committed 5760K, reserved 1056768K
  class space    used 538K, capacity 560K, committed 640K, reserved 1048576K
Event: 3.036 GC heap after
Heap after GC invocations=14 (full 0):
 PSYoungGen      total 31744K, used 2537K [0x00000000d5d00000, 0x00000000d8000000, 0x0000000100000000)
  eden space 29184K, 0% used [0x00000000d5d00000,0x00000000d5d00000,0x00000000d7980000)
  from space 2560K, 99% used [0x00000000d7c80000,0x00000000d7efa790,0x00000000d7f00000)
  to   space 3072K, 0% used [0x00000000d7980000,0x00000000d7980000,0x00000000d7c80000)
 ParOldGen       total 129536K, used 2490K [0x0000000081600000, 0x0000000089480000, 0x00000000d5d00000)
  object space 129536K, 1% used [0x0000000081600000,0x000000008186e980,0x0000000089480000)
 Metaspace       used 4607K, capacity 5500K, committed 5760K, reserved 1056768K
  class space    used 538K, capacity 560K, committed 640K, reserved 1048576K
}
Event: 3.340 GC heap before
{Heap before GC invocations=15 (full 0):
 PSYoungGen      total 31744K, used 31721K [0x00000000d5d00000, 0x00000000d8000000, 0x0000000100000000)
  eden space 29184K, 100% used [0x00000000d5d00000,0x00000000d7980000,0x00000000d7980000)
  from space 2560K, 99% used [0x00000000d7c80000,0x00000000d7efa790,0x00000000d7f00000)
  to   space 3072K, 0% used [0x00000000d7980000,0x00000000d7980000,0x00000000d7c80000)
 ParOldGen       total 129536K, used 2490K [0x0000000081600000, 0x0000000089480000, 0x00000000d5d00000)
  object space 129536K, 1% used [0x0000000081600000,0x000000008186e980,0x0000000089480000)
 Metaspace       used 4607K, capacity 5500K, committed 5760K, reserved 1056768K
  class space    used 538K, capacity 560K, committed 640K, reserved 1048576K
Event: 3.344 GC heap after
Heap after GC invocations=15 (full 0):
 PSYoungGen      total 32256K, used 3065K [0x00000000d5d00000, 0x00000000d9300000, 0x0000000100000000)
  eden space 29184K, 0% used [0x00000000d5d00000,0x00000000d5d00000,0x00000000d7980000)
  from space 3072K, 99% used [0x00000000d7980000,0x00000000d7c7e620,0x00000000d7c80000)
  to   space 4096K, 0% used [0x00000000d8f00000,0x00000000d8f00000,0x00000000d9300000)
 ParOldGen       total 129536K, used 3538K [0x0000000081600000, 0x0000000089480000, 0x00000000d5d00000)
  object space 129536K, 2% used [0x0000000081600000,0x0000000081974ab8,0x0000000089480000)
 Metaspace       used 4607K, capacity 5500K, committed 5760K, reserved 1056768K
  class space    used 538K, capacity 560K, committed 640K, reserved 1048576K
}
Event: 3.670 GC heap before
{Heap before GC invocations=16 (full 0):
 PSYoungGen      total 32256K, used 32249K [0x00000000d5d00000, 0x00000000d9300000, 0x0000000100000000)
  eden space 29184K, 100% used [0x00000000d5d00000,0x00000000d7980000,0x00000000d7980000)
  from space 3072K, 99% used [0x00000000d7980000,0x00000000d7c7e620,0x00000000d7c80000)
  to   space 4096K, 0% used [0x00000000d8f00000,0x00000000d8f00000,0x00000000d9300000)
 ParOldGen       total 129536K, used 3538K [0x0000000081600000, 0x0000000089480000, 0x00000000d5d00000)
  object space 129536K, 2% used [0x0000000081600000,0x0000000081974ab8,0x0000000089480000)
 Metaspace       used 4608K, capacity 5500K, committed 5760K, reserved 1056768K
  class space    used 538K, capacity 560K, committed 640K, reserved 1048576K
Event: 3.675 GC heap after
Heap after GC invocations=16 (full 0):
 PSYoungGen      total 50688K, used 4087K [0x00000000d5d00000, 0x00000000d9400000, 0x0000000100000000)
  eden space 46592K, 0% used [0x00000000d5d00000,0x00000000d5d00000,0x00000000d8a80000)
  from space 4096K, 99% used [0x00000000d8f00000,0x00000000d92fdfb0,0x00000000d9300000)
  to   space 4608K, 0% used [0x00000000d8a80000,0x00000000d8a80000,0x00000000d8f00000)
 ParOldGen       total 129536K, used 3719K [0x0000000081600000, 0x0000000089480000, 0x00000000d5d00000)
  object space 129536K, 2% used [0x0000000081600000,0x00000000819a1f58,0x0000000089480000)
 Metaspace       used 4608K, capacity 5500K, committed 5760K, reserved 1056768K
  class space    used 538K, capacity 560K, committed 640K, reserved 1048576K
}
Event: 5.160 GC heap before
{Heap before GC invocations=17 (full 0):
 PSYoungGen      total 50688K, used 50679K [0x00000000d5d00000, 0x00000000d9400000, 0x0000000100000000)
  eden space 46592K, 100% used [0x00000000d5d00000,0x00000000d8a80000,0x00000000d8a80000)
  from space 4096K, 99% used [0x00000000d8f00000,0x00000000d92fdfb0,0x00000000d9300000)
  to   space 4608K, 0% used [0x00000000d8a80000,0x00000000d8a80000,0x00000000d8f00000)
 ParOldGen       total 129536K, used 3719K [0x0000000081600000, 0x0000000089480000, 0x00000000d5d00000)
  object space 129536K, 2% used [0x0000000081600000,0x00000000819a1f58,0x0000000089480000)
 Metaspace       used 5974K, capacity 6466K, committed 6784K, reserved 1056768K
  class space    used 779K, capacity 817K, committed 896K, reserved 1048576K
Event: 5.184 GC heap after
Heap after GC invocations=17 (full 0):
 PSYoungGen      total 51200K, used 4588K [0x00000000d5d00000, 0x00000000da900000, 0x0000000100000000)
  eden space 46592K, 0% used [0x00000000d5d00000,0x00000000d5d00000,0x00000000d8a80000)
  from space 4608K, 99% used [0x00000000d8a80000,0x00000000d8efb120,0x00000000d8f00000)
  to   space 6144K, 0% used [0x00000000da300000,0x00000000da300000,0x00000000da900000)
 ParOldGen       total 129536K, used 5788K [0x0000000081600000, 0x0000000089480000, 0x00000000d5d00000)
  object space 129536K, 4% used [0x0000000081600000,0x0000000081ba7380,0x0000000089480000)
 Metaspace       used 5974K, capacity 6466K, committed 6784K, reserved 1056768K
  class space    used 779K, capacity 817K, committed 896K, reserved 1048576K
}
Event: 7.935 GC heap before
{Heap before GC invocations=18 (full 0):
 PSYoungGen      total 51200K, used 51180K [0x00000000d5d00000, 0x00000000da900000, 0x0000000100000000)
  eden space 46592K, 100% used [0x00000000d5d00000,0x00000000d8a80000,0x00000000d8a80000)
  from space 4608K, 99% used [0x00000000d8a80000,0x00000000d8efb120,0x00000000d8f00000)
  to   space 6144K, 0% used [0x00000000da300000,0x00000000da300000,0x00000000da900000)
 ParOldGen       total 129536K, used 5788K [0x0000000081600000, 0x0000000089480000, 0x00000000d5d00000)
  object space 129536K, 4% used [0x0000000081600000,0x0000000081ba7380,0x0000000089480000)
 Metaspace       used 9201K, capacity 9324K, committed 9472K, reserved 1056768K
  class space    used 1125K, capacity 1171K, committed 1280K, reserved 1048576K
Event: 8.007 GC heap after
Heap after GC invocations=18 (full 0):
 PSYoungGen      total 70144K, used 6136K [0x00000000d5d00000, 0x00000000dac00000, 0x0000000100000000)
  eden space 64000K, 0% used [0x00000000d5d00000,0x00000000d5d00000,0x00000000d9b80000)
  from space 6144K, 99% used [0x00000000da300000,0x00000000da8fe088,0x00000000da900000)
  to   space 7680K, 0% used [0x00000000d9b80000,0x00000000d9b80000,0x00000000da300000)
 ParOldGen       total 129536K, used 6913K [0x0000000081600000, 0x0000000089480000, 0x00000000d5d00000)
  object space 129536K, 5% used [0x0000000081600000,0x0000000081cc0528,0x0000000089480000)
 Metaspace       used 9201K, capacity 9324K, committed 9472K, reserved 1056768K
  class space    used 1125K, capacity 1171K, committed 1280K, reserved 1048576K
}

